{"contracts/Box.sol":{"l":{"12":1,"13":1,"18":2},"path":"/Users/huynhducdung/Projects/dapp-starter/contracts/Box.sol","s":{"1":1,"2":1,"3":2},"b":{},"f":{"1":1,"2":2},"fnMap":{"1":{"name":"store","line":11,"loc":{"start":{"line":11,"column":4},"end":{"line":14,"column":4}}},"2":{"name":"retrieve","line":17,"loc":{"start":{"line":17,"column":4},"end":{"line":19,"column":4}}}},"statementMap":{"1":{"start":{"line":12,"column":8},"end":{"line":12,"column":21}},"2":{"start":{"line":13,"column":8},"end":{"line":13,"column":32}},"3":{"start":{"line":18,"column":8},"end":{"line":18,"column":21}}},"branchMap":{}},"contracts/BoxV2.sol":{"l":{"12":1,"13":1,"18":4,"23":1,"24":1},"path":"/Users/huynhducdung/Projects/dapp-starter/contracts/BoxV2.sol","s":{"1":1,"2":1,"3":4,"4":1,"5":1},"b":{},"f":{"1":1,"2":4,"3":1},"fnMap":{"1":{"name":"store","line":11,"loc":{"start":{"line":11,"column":4},"end":{"line":14,"column":4}}},"2":{"name":"retrieve","line":17,"loc":{"start":{"line":17,"column":4},"end":{"line":19,"column":4}}},"3":{"name":"increment","line":22,"loc":{"start":{"line":22,"column":4},"end":{"line":25,"column":4}}}},"statementMap":{"1":{"start":{"line":12,"column":8},"end":{"line":12,"column":21}},"2":{"start":{"line":13,"column":8},"end":{"line":13,"column":32}},"3":{"start":{"line":18,"column":8},"end":{"line":18,"column":21}},"4":{"start":{"line":23,"column":8},"end":{"line":23,"column":26}},"5":{"start":{"line":24,"column":8},"end":{"line":24,"column":33}}},"branchMap":{}},"contracts/Greeter.sol":{"l":{"10":3,"11":3,"15":2,"19":1,"20":1},"path":"/Users/huynhducdung/Projects/dapp-starter/contracts/Greeter.sol","s":{"1":3,"2":3,"3":2,"4":1,"5":1},"b":{},"f":{"1":3,"2":2,"3":1},"fnMap":{"1":{"name":"constructor","line":9,"loc":{"start":{"line":9,"column":4},"end":{"line":12,"column":4}}},"2":{"name":"greet","line":14,"loc":{"start":{"line":14,"column":4},"end":{"line":16,"column":4}}},"3":{"name":"setGreeting","line":18,"loc":{"start":{"line":18,"column":4},"end":{"line":21,"column":4}}}},"statementMap":{"1":{"start":{"line":10,"column":8},"end":{"line":10,"column":67}},"2":{"start":{"line":11,"column":8},"end":{"line":11,"column":27}},"3":{"start":{"line":15,"column":8},"end":{"line":15,"column":23}},"4":{"start":{"line":19,"column":8},"end":{"line":19,"column":78}},"5":{"start":{"line":20,"column":8},"end":{"line":20,"column":27}}},"branchMap":{}}}